build/app/outputs/mapping/release/seeds.txt
com.kanwilkumhamjabar.master_repo.MainActivity
com.kanwilkumhamjabar.master_repo.MainActivity: MainActivity()
com.kanwilkumhamjabar.master_repo.R$attr: int alpha
com.kanwilkumhamjabar.master_repo.R$attr: int buttonSize
com.kanwilkumhamjabar.master_repo.R$attr: int circleCrop
com.kanwilkumhamjabar.master_repo.R$attr: int colorScheme
com.kanwilkumhamjabar.master_repo.R$attr: int coordinatorLayoutStyle
com.kanwilkumhamjabar.master_repo.R$attr: int font
com.kanwilkumhamjabar.master_repo.R$attr: int fontProviderAuthority
com.kanwilkumhamjabar.master_repo.R$attr: int fontProviderCerts
com.kanwilkumhamjabar.master_repo.R$attr: int fontProviderFetchStrategy
com.kanwilkumhamjabar.master_repo.R$attr: int fontProviderFetchTimeout
com.kanwilkumhamjabar.master_repo.R$attr: int fontProviderPackage
com.kanwilkumhamjabar.master_repo.R$attr: int fontProviderQuery
com.kanwilkumhamjabar.master_repo.R$attr: int fontStyle
com.kanwilkumhamjabar.master_repo.R$attr: int fontVariationSettings
com.kanwilkumhamjabar.master_repo.R$attr: int fontWeight
com.kanwilkumhamjabar.master_repo.R$attr: int imageAspectRatio
com.kanwilkumhamjabar.master_repo.R$attr: int imageAspectRatioAdjust
com.kanwilkumhamjabar.master_repo.R$attr: int keylines
com.kanwilkumhamjabar.master_repo.R$attr: int layout_anchor
com.kanwilkumhamjabar.master_repo.R$attr: int layout_anchorGravity
com.kanwilkumhamjabar.master_repo.R$attr: int layout_behavior
com.kanwilkumhamjabar.master_repo.R$attr: int layout_dodgeInsetEdges
com.kanwilkumhamjabar.master_repo.R$attr: int layout_insetEdge
com.kanwilkumhamjabar.master_repo.R$attr: int layout_keyline
com.kanwilkumhamjabar.master_repo.R$color: int common_google_signin_btn_text_dark
com.kanwilkumhamjabar.master_repo.R$color: int common_google_signin_btn_text_dark_default
com.kanwilkumhamjabar.master_repo.R$color: int common_google_signin_btn_text_dark_disabled
com.kanwilkumhamjabar.master_repo.R$color: int common_google_signin_btn_text_dark_focused
com.kanwilkumhamjabar.master_repo.R$color: int common_google_signin_btn_text_dark_pressed
com.kanwilkumhamjabar.master_repo.R$color: int common_google_signin_btn_text_light
com.kanwilkumhamjabar.master_repo.R$color: int common_google_signin_btn_text_light_default
com.kanwilkumhamjabar.master_repo.R$color: int common_google_signin_btn_text_light_disabled
com.kanwilkumhamjabar.master_repo.R$color: int common_google_signin_btn_text_light_focused
com.kanwilkumhamjabar.master_repo.R$color: int common_google_signin_btn_text_light_pressed
com.kanwilkumhamjabar.master_repo.R$color: int common_google_signin_btn_tint
com.kanwilkumhamjabar.master_repo.R$color: int notification_action_color_filter
com.kanwilkumhamjabar.master_repo.R$color: int notification_icon_bg_color
com.kanwilkumhamjabar.master_repo.R$color: int notification_material_background_media_default_color
com.kanwilkumhamjabar.master_repo.R$color: int primary_text_default_material_dark
com.kanwilkumhamjabar.master_repo.R$color: int ripple_material_light
com.kanwilkumhamjabar.master_repo.R$color: int secondary_text_default_material_dark
...
androidx.fragment.R$id: int action_container
androidx.fragment.R$id: int action_divider
androidx.fragment.R$id: int action_image
androidx.fragment.R$id: int action_text
androidx.fragment.R$id: int actions
androidx.fragment.R$id: int async
androidx.fragment.R$id: int blocking
androidx.fragment.R$id: int bottom
androidx.fragment.R$id: int chronometer
androidx.fragment.R$id: int end
androidx.fragment.R$id: int forever
androidx.fragment.R$id: int icon
androidx.fragment.R$id: int icon_group
androidx.fragment.R$id: int info
androidx.fragment.R$id: int italic
androidx.fragment.R$id: int left
androidx.fragment.R$id: int line1
androidx.fragment.R$id: int line3
androidx.fragment.R$id: int none
androidx.fragment.R$id: int normal
androidx.fragment.R$id: int notification_background
androidx.fragment.R$id: int notification_main_column
androidx.fragment.R$id: int notification_main_column_container
androidx.fragment.R$id: int right
androidx.fragment.R$id: int right_icon
androidx.fragment.R$id: int right_side
androidx.fragment.R$id: int start
androidx.fragment.R$id: int tag_transition_group
androidx.fragment.R$id: int tag_unhandled_key_event_manager
androidx.fragment.R$id: int tag_unhandled_key_listeners
androidx.fragment.R$id: int text
androidx.fragment.R$id: int text2
androidx.fragment.R$id: int time
androidx.fragment.R$id: int title
androidx.fragment.R$id: int top
androidx.fragment.R$integer: int status_bar_notification_info_maxnum
androidx.fragment.R$layout: int notification_action
androidx.fragment.R$layout: int notification_action_tombstone
androidx.fragment.R$layout: int notification_template_custom_big
androidx.fragment.R$layout: int notification_template_icon_group
androidx.fragment.R$layout: int notification_template_part_chronometer
androidx.fragment.R$layout: int notification_template_part_time
androidx.fragment.R$string: int status_bar_notification_info_overflow
androidx.fragment.R$style: int TextAppearance_Compat_Notification
androidx.fragment.R$style: int TextAppearance_Compat_Notification_Info
androidx.fragment.R$style: int TextAppearance_Compat_Notification_Line2
androidx.fragment.R$style: int TextAppearance_Compat_Notification_Time
androidx.fragment.R$style: int TextAppearance_Compat_Notification_Title
androidx.fragment.R$style: int Widget_Compat_NotificationActionContainer
androidx.fragment.R$style: int Widget_Compat_NotificationActionText
androidx.fragment.R$style: int Widget_Support_CoordinatorLayout
androidx.fragment.R$styleable: int[] ColorStateListItem
androidx.fragment.R$styleable: int ColorStateListItem_android_color
androidx.fragment.R$styleable: int ColorStateListItem_android_alpha
androidx.fragment.R$styleable: int ColorStateListItem_alpha
androidx.fragment.R$styleable: int[] CoordinatorLayout
androidx.fragment.R$styleable: int CoordinatorLayout_keylines
androidx.fragment.R$styleable: int CoordinatorLayout_statusBarBackground
androidx.fragment.R$styleable: int[] CoordinatorLayout_Layout
androidx.fragment.R$styleable: int CoordinatorLayout_Layout_android_layout_gravity
androidx.fragment.R$styleable: int CoordinatorLayout_Layout_layout_anchor
androidx.fragment.R$styleable: int CoordinatorLayout_Layout_layout_anchorGravity
androidx.fragment.R$styleable: int CoordinatorLayout_Layout_layout_behavior
androidx.fragment.R$styleable: int CoordinatorLayout_Layout_layout_dodgeInsetEdges
androidx.fragment.R$styleable: int CoordinatorLayout_Layout_layout_insetEdge
androidx.fragment.R$styleable: int CoordinatorLayout_Layout_layout_keyline
androidx.fragment.R$styleable: int[] FontFamily
androidx.fragment.R$styleable: int FontFamily_fontProviderAuthority
androidx.fragment.R$styleable: int FontFamily_fontProviderCerts
androidx.fragment.R$styleable: int FontFamily_fontProviderFetchStrategy
androidx.fragment.R$styleable: int FontFamily_fontProviderFetchTimeout
androidx.fragment.R$styleable: int FontFamily_fontProviderPackage
androidx.fragment.app.BackStackState: android.os.Parcelable$Creator CREATOR