build/app/outputs/mapping/release/mapping.txt
com.kanwilkumhamjabar.master_repo.MainActivity -> com.kanwilkumhamjabar.master_repo.MainActivity:
    void onCreate(android.os.Bundle) -> onCreate
    void <init>() -> <init>
...
io.flutter.embedding.engine.systemchannels.TextInputChannel$Configuration -> io.flutter.embedding.engine.c.i$a:
    boolean obscureText -> a
    boolean autocorrect -> b
    io.flutter.embedding.engine.systemchannels.TextInputChannel$TextCapitalization textCapitalization -> c
    io.flutter.embedding.engine.systemchannels.TextInputChannel$InputType inputType -> d
    java.lang.Integer inputAction -> e
    java.lang.String actionLabel -> f
io.flutter.embedding.engine.systemchannels.TextInputChannel$InputType -> io.flutter.embedding.engine.c.i$b:
    io.flutter.embedding.engine.systemchannels.TextInputChannel$TextInputType type -> a
    boolean isSigned -> b
    boolean isDecimal -> c
io.flutter.embedding.engine.systemchannels.TextInputChannel$TextCapitalization -> io.flutter.embedding.engine.c.i$c:
    io.flutter.embedding.engine.systemchannels.TextInputChannel$TextCapitalization CHARACTERS -> a
    io.flutter.embedding.engine.systemchannels.TextInputChannel$TextCapitalization WORDS -> b
    io.flutter.embedding.engine.systemchannels.TextInputChannel$TextCapitalization SENTENCES -> c
    io.flutter.embedding.engine.systemchannels.TextInputChannel$TextCapitalization NONE -> d
    java.lang.String encodedName -> e
    io.flutter.embedding.engine.systemchannels.TextInputChannel$TextCapitalization[] $VALUES -> f
    io.flutter.embedding.engine.systemchannels.TextInputChannel$TextCapitalization[] values() -> values
    io.flutter.embedding.engine.systemchannels.TextInputChannel$TextCapitalization valueOf(java.lang.String) -> valueOf
    void <init>(java.lang.String,int,java.lang.String) -> <init>
    void <clinit>() -> <clinit>
io.flutter.embedding.engine.systemchannels.TextInputChannel$TextInputMethodHandler -> io.flutter.embedding.engine.c.i$d:
io.flutter.embedding.engine.systemchannels.TextInputChannel$TextInputType -> io.flutter.embedding.engine.c.i$e:
    io.flutter.embedding.engine.systemchannels.TextInputChannel$TextInputType TEXT -> a
    io.flutter.embedding.engine.systemchannels.TextInputChannel$TextInputType DATETIME -> b
    io.flutter.embedding.engine.systemchannels.TextInputChannel$TextInputType NUMBER -> c
    io.flutter.embedding.engine.systemchannels.TextInputChannel$TextInputType PHONE -> d
    io.flutter.embedding.engine.systemchannels.TextInputChannel$TextInputType MULTILINE -> e
    io.flutter.embedding.engine.systemchannels.TextInputChannel$TextInputType EMAIL_ADDRESS -> f
    io.flutter.embedding.engine.systemchannels.TextInputChannel$TextInputType URL -> g
    java.lang.String encodedName -> h
    io.flutter.embedding.engine.systemchannels.TextInputChannel$TextInputType[] $VALUES -> i
    io.flutter.embedding.engine.systemchannels.TextInputChannel$TextInputType[] values() -> values
    io.flutter.embedding.engine.systemchannels.TextInputChannel$TextInputType valueOf(java.lang.String) -> valueOf
    void <init>(java.lang.String,int,java.lang.String) -> <init>
    void <clinit>() -> <clinit>
io.flutter.plugin.common.ActivityLifecycleListener -> io.flutter.a.a.a:
    void onPostResume() -> a
io.flutter.plugin.common.BasicMessageChannel -> io.flutter.a.a.b:
    io.flutter.plugin.common.BinaryMessenger messenger -> b
    java.lang.String name -> c
    io.flutter.plugin.common.MessageCodec codec -> d
    boolean $assertionsDisabled -> a
    void <init>(io.flutter.plugin.common.BinaryMessenger,java.lang.String,io.flutter.plugin.common.MessageCodec) -> <init>
    void send(java.lang.Object) -> a
    void send(java.lang.Object,io.flutter.plugin.common.BasicMessageChannel$Reply) -> a
    void setMessageHandler(io.flutter.plugin.common.BasicMessageChannel$MessageHandler) -> a
    void <clinit>() -> <clinit>
io.flutter.plugin.common.BasicMessageChannel$1 -> io.flutter.a.a.b$1: