build/app/outputs/mapping/release/usage.txt
com.kanwilkumhamjabar.master_repo.BuildConfig
com.kanwilkumhamjabar.master_repo.R
com.kanwilkumhamjabar.master_repo.R$attr
com.kanwilkumhamjabar.master_repo.R$color
com.kanwilkumhamjabar.master_repo.R$dimen
com.kanwilkumhamjabar.master_repo.R$drawable
com.kanwilkumhamjabar.master_repo.R$id
com.kanwilkumhamjabar.master_repo.R$integer
com.kanwilkumhamjabar.master_repo.R$layout
com.kanwilkumhamjabar.master_repo.R$mipmap
com.kanwilkumhamjabar.master_repo.R$string
com.kanwilkumhamjabar.master_repo.R$style
com.kanwilkumhamjabar.master_repo.R$styleable
...
com.google.common.util.concurrent.AbstractService$3
com.google.common.util.concurrent.AbstractService$4
com.google.common.util.concurrent.AbstractService$5
com.google.common.util.concurrent.AbstractService$6
com.google.common.util.concurrent.AbstractService$HasReachedRunningGuard
com.google.common.util.concurrent.AbstractService$IsStartableGuard
com.google.common.util.concurrent.AbstractService$IsStoppableGuard
com.google.common.util.concurrent.AbstractService$IsStoppedGuard
com.google.common.util.concurrent.AbstractService$StateSnapshot
com.google.common.util.concurrent.AbstractTransformFuture
com.google.common.util.concurrent.AbstractTransformFuture$AsyncTransformFuture
com.google.common.util.concurrent.AbstractTransformFuture$TransformFuture
com.google.common.util.concurrent.AggregateFuture
com.google.common.util.concurrent.AggregateFuture$RunningState
com.google.common.util.concurrent.AggregateFuture$RunningState$1
com.google.common.util.concurrent.AggregateFutureState
com.google.common.util.concurrent.AggregateFutureState$1
com.google.common.util.concurrent.AggregateFutureState$AtomicHelper
com.google.common.util.concurrent.AggregateFutureState$SafeAtomicHelper
com.google.common.util.concurrent.AggregateFutureState$SynchronizedAtomicHelper
com.google.common.util.concurrent.AsyncCallable
com.google.common.util.concurrent.AsyncFunction
com.google.common.util.concurrent.AtomicDouble
com.google.common.util.concurrent.AtomicDoubleArray
com.google.common.util.concurrent.AtomicLongMap
com.google.common.util.concurrent.AtomicLongMap$1
com.google.common.util.concurrent.Atomics
com.google.common.util.concurrent.Callables
com.google.common.util.concurrent.Callables$1
com.google.common.util.concurrent.Callables$2
com.google.common.util.concurrent.Callables$3
com.google.common.util.concurrent.Callables$4
com.google.common.util.concurrent.CheckedFuture
com.google.common.util.concurrent.CollectionFuture
com.google.common.util.concurrent.CollectionFuture$CollectionFutureRunningState
com.google.common.util.concurrent.CollectionFuture$ListFuture
com.google.common.util.concurrent.CollectionFuture$ListFuture$ListFutureRunningState
com.google.common.util.concurrent.CombinedFuture
com.google.common.util.concurrent.CombinedFuture$AsyncCallableInterruptibleTask
com.google.common.util.concurrent.CombinedFuture$CallableInterruptibleTask
com.google.common.util.concurrent.CombinedFuture$CombinedFutureInterruptibleTask
com.google.common.util.concurrent.CombinedFuture$CombinedFutureRunningState
com.google.common.util.concurrent.CycleDetectingLockFactory
com.google.common.util.concurrent.CycleDetectingLockFactory$1
com.google.common.util.concurrent.CycleDetectingLockFactory$CycleDetectingLock
com.google.common.util.concurrent.CycleDetectingLockFactory$CycleDetectingReentrantLock
com.google.common.util.concurrent.CycleDetectingLockFactory$CycleDetectingReentrantReadLock
com.google.common.util.concurrent.CycleDetectingLockFactory$CycleDetectingReentrantReadWriteLock
com.google.common.util.concurrent.CycleDetectingLockFactory$CycleDetectingReentrantWriteLock
com.google.common.util.concurrent.CycleDetectingLockFactory$ExampleStackTrace
com.google.common.util.concurrent.CycleDetectingLockFactory$LockGraphNode
com.google.common.util.concurrent.CycleDetectingLockFactory$Policies
com.google.common.util.concurrent.CycleDetectingLockFactory$Policies$1
com.google.common.util.concurrent.CycleDetectingLockFactory$Policies$2
com.google.common.util.concurrent.CycleDetectingLockFactory$Policies$3
com.google.common.util.concurrent.CycleDetectingLockFactory$Policy
com.google.common.util.concurrent.CycleDetectingLockFactory$PotentialDeadlockException
com.google.common.util.concurrent.CycleDetectingLockFactory$WithExplicitOrdering
com.google.common.util.concurrent.ExecutionError
com.google.common.util.concurrent.ExecutionList
com.google.common.util.concurrent.ExecutionList$RunnableExecutorPair
com.google.common.util.concurrent.ExecutionSequencer